2025-06-13 18:39:32,782 - deepchem.feat.molecule_featurizers.rdkit_descriptors - WARNING - No normalization for SPS. Feature removed!
2025-06-13 18:39:32,783 - deepchem.feat.molecule_featurizers.rdkit_descriptors - WARNING - No normalization for AvgIpc. Feature removed!
2025-06-13 18:39:32,783 - deepchem.feat.molecule_featurizers.rdkit_descriptors - WARNING - No normalization for NumAmideBonds. Feature removed!
2025-06-13 18:39:32,783 - deepchem.feat.molecule_featurizers.rdkit_descriptors - WARNING - No normalization for NumAtomStereoCenters. Feature removed!
2025-06-13 18:39:32,783 - deepchem.feat.molecule_featurizers.rdkit_descriptors - WARNING - No normalization for NumBridgeheadAtoms. Feature removed!
2025-06-13 18:39:32,783 - deepchem.feat.molecule_featurizers.rdkit_descriptors - WARNING - No normalization for NumHeterocycles. Feature removed!
2025-06-13 18:39:32,783 - deepchem.feat.molecule_featurizers.rdkit_descriptors - WARNING - No normalization for NumSpiroAtoms. Feature removed!
2025-06-13 18:39:32,783 - deepchem.feat.molecule_featurizers.rdkit_descriptors - WARNING - No normalization for NumUnspecifiedAtomStereoCenters. Feature removed!
2025-06-13 18:39:32,783 - deepchem.feat.molecule_featurizers.rdkit_descriptors - WARNING - No normalization for Phi. Feature removed!
2025-06-13 18:39:45,253 - tensorflow - WARNING - From /Users/sanjeevadodlapati/Downloads/Repos/ChemML/chemml_env/lib/python3.11/site-packages/tensorflow/python/util/deprecation.py:588: calling function (from tensorflow.python.eager.polymorphic_function.polymorphic_function) with experimental_relax_shapes is deprecated and will be removed in a future version.
Instructions for updating:
experimental_relax_shapes is deprecated, use reduce_retracing instead
2025-06-13 18:39:45,328 - deepchem.models.torch_models - WARNING - Skipped loading modules with pytorch-geometric dependency, missing a dependency. No module named 'dgl'
2025-06-13 18:39:45,328 - deepchem.models.torch_models - WARNING - Skipped loading modules with transformers dependency. No module named 'transformers'
2025-06-13 18:39:45,329 - deepchem.models - WARNING - cannot import name 'HuggingFaceModel' from 'deepchem.models.torch_models' (/Users/sanjeevadodlapati/Downloads/Repos/ChemML/chemml_env/lib/python3.11/site-packages/deepchem/models/torch_models/__init__.py)
2025-06-13 18:39:45,330 - deepchem.models - WARNING - Skipped loading modules with pytorch-lightning dependency, missing a dependency. No module named 'lightning'
2025-06-13 18:39:45,332 - deepchem.models - WARNING - Skipped loading some Jax models, missing a dependency. No module named 'jax'
2025-06-13 18:39:45,369 - __main__ - INFO - Library status: 9/9 available
2025-06-13 18:39:45,370 - __main__ - INFO - Day 7 Integration Script initialized successfully
2025-06-13 18:39:45,370 - __main__ - INFO - Stage 1: Core infrastructure ready
